2024-11-10 16:05:51,987 INFO o.a.j.u.JMeterUtils: Setting Locale to en_EN
2024-11-10 16:05:52,044 INFO o.a.j.JMeter: Loading user properties from: C:\apache-jmeter-5.6.3\bin\user.properties
2024-11-10 16:05:52,044 INFO o.a.j.JMeter: Loading system properties from: C:\apache-jmeter-5.6.3\bin\system.properties
2024-11-10 16:05:52,052 INFO o.a.j.JMeter: Copyright (c) 1998-2024 The Apache Software Foundation
2024-11-10 16:05:52,052 INFO o.a.j.JMeter: Version 5.6.3
2024-11-10 16:05:52,052 INFO o.a.j.JMeter: java.version=23.0.1
2024-11-10 16:05:52,052 INFO o.a.j.JMeter: java.vm.name=Java HotSpot(TM) 64-Bit Server VM
2024-11-10 16:05:52,052 INFO o.a.j.JMeter: os.name=Windows 11
2024-11-10 16:05:52,052 INFO o.a.j.JMeter: os.arch=amd64
2024-11-10 16:05:52,052 INFO o.a.j.JMeter: os.version=10.0
2024-11-10 16:05:52,060 INFO o.a.j.JMeter: file.encoding=UTF-8
2024-11-10 16:05:52,060 INFO o.a.j.JMeter: java.awt.headless=true
2024-11-10 16:05:52,060 INFO o.a.j.JMeter: Max memory     =1073741824
2024-11-10 16:05:52,060 INFO o.a.j.JMeter: Available Processors =16
2024-11-10 16:05:52,076 INFO o.a.j.JMeter: Default Locale=English (EN)
2024-11-10 16:05:52,076 INFO o.a.j.JMeter: JMeter  Locale=English (EN)
2024-11-10 16:05:52,076 INFO o.a.j.JMeter: JMeterHome=C:\apache-jmeter-5.6.3
2024-11-10 16:05:52,076 INFO o.a.j.JMeter: user.dir  =C:\apache-jmeter-5.6.3\bin\daraz
2024-11-10 16:05:52,076 INFO o.a.j.JMeter: PWD       =C:\apache-jmeter-5.6.3\bin\daraz
2024-11-10 16:05:52,076 INFO o.a.j.JMeter: IP: 192.168.88.44 Name: Shathi FullName: Shathi
2024-11-10 16:05:52,092 INFO o.a.j.JMeter: Setting property 'jmeter.reportgenerator.outputdir' to:'C:\apache-jmeter-5.6.3\bin\daraz\report'
2024-11-10 16:05:52,100 INFO o.a.j.s.FileServer: Default base='C:\apache-jmeter-5.6.3\bin\daraz'
2024-11-10 16:05:52,100 INFO o.a.j.s.FileServer: Set new base='C:\apache-jmeter-5.6.3\bin\daraz'
2024-11-10 16:05:52,539 INFO o.a.j.s.SaveService: Testplan (JMX) version: 2.2. Testlog (JTL) version: 2.2
2024-11-10 16:05:52,596 INFO o.a.j.s.SaveService: Using SaveService properties version 5.0
2024-11-10 16:05:52,604 INFO o.a.j.s.SaveService: Using SaveService properties file encoding UTF-8
2024-11-10 16:05:52,612 INFO o.a.j.s.SaveService: Loading file: C:\apache-jmeter-5.6.3\bin\daraz\Thread Group.jmx
2024-11-10 16:05:52,784 INFO o.a.j.p.h.s.HTTPSamplerBase: Parser for text/html is org.apache.jmeter.protocol.http.parser.LagartoBasedHtmlParser
2024-11-10 16:05:52,784 INFO o.a.j.p.h.s.HTTPSamplerBase: Parser for application/xhtml+xml is org.apache.jmeter.protocol.http.parser.LagartoBasedHtmlParser
2024-11-10 16:05:52,784 INFO o.a.j.p.h.s.HTTPSamplerBase: Parser for application/xml is org.apache.jmeter.protocol.http.parser.LagartoBasedHtmlParser
2024-11-10 16:05:52,784 INFO o.a.j.p.h.s.HTTPSamplerBase: Parser for text/xml is org.apache.jmeter.protocol.http.parser.LagartoBasedHtmlParser
2024-11-10 16:05:52,784 INFO o.a.j.p.h.s.HTTPSamplerBase: Parser for text/vnd.wap.wml is org.apache.jmeter.protocol.http.parser.RegexpHTMLParser
2024-11-10 16:05:52,784 INFO o.a.j.p.h.s.HTTPSamplerBase: Parser for text/css is org.apache.jmeter.protocol.http.parser.CssParser
2024-11-10 16:05:52,832 INFO o.a.j.JMeter: Creating summariser <summary>
2024-11-10 16:05:52,840 INFO o.a.j.r.d.ReportGenerator: ReportGenerator will use for Parsing the separator: ','
2024-11-10 16:05:52,840 INFO o.a.j.r.d.ReportGenerator: Will generate report at end of test from  results file: C:\apache-jmeter-5.6.3\bin\daraz\results.jtl
2024-11-10 16:05:52,840 INFO o.a.j.r.d.ReportGenerator: Reading report generator properties from: C:\apache-jmeter-5.6.3\bin\reportgenerator.properties
2024-11-10 16:05:52,873 INFO o.a.j.r.d.ReportGenerator: Merging with JMeter properties
2024-11-10 16:05:52,881 INFO o.a.j.r.c.ReportGeneratorConfiguration: Property 'jmeter.reportgenerator.temp_dir' not found, using default value 'temp' instead.
2024-11-10 16:05:52,894 INFO o.a.j.r.c.ReportGeneratorConfiguration: Property 'jmeter.reportgenerator.apdex_per_transaction' not found, using default value 'null' instead.
2024-11-10 16:05:52,894 INFO o.a.j.r.c.ReportGeneratorConfiguration: apdex_per_transaction is empty, not APDEX per transaction customization
2024-11-10 16:05:52,894 INFO o.a.j.r.c.ReportGeneratorConfiguration: Property 'jmeter.reportgenerator.sample_filter' not found, using default value 'null' instead.
2024-11-10 16:05:52,898 INFO o.a.j.r.c.ReportGeneratorConfiguration: Property 'jmeter.reportgenerator.report_title' not found, using default value 'null' instead.
2024-11-10 16:05:52,898 INFO o.a.j.r.c.ReportGeneratorConfiguration: Property 'jmeter.reportgenerator.start_date' not found, using default value 'null' instead.
2024-11-10 16:05:52,898 INFO o.a.j.r.c.ReportGeneratorConfiguration: Property 'jmeter.reportgenerator.end_date' not found, using default value 'null' instead.
2024-11-10 16:05:52,898 INFO o.a.j.r.c.ReportGeneratorConfiguration: Property 'jmeter.reportgenerator.date_format' not found, using default value 'null' instead.
2024-11-10 16:05:52,898 INFO o.a.j.r.c.ReportGeneratorConfiguration: Will use date range start date: null, end date: null
2024-11-10 16:05:52,906 INFO o.a.j.r.c.ReportGeneratorConfiguration: Property 'jmeter.reportgenerator.graph.totalTPS.exclude_controllers' not found, using default value 'false' instead.
2024-11-10 16:05:52,906 INFO o.a.j.r.c.ReportGeneratorConfiguration: Property 'jmeter.reportgenerator.graph.activeThreadsOverTime.exclude_controllers' not found, using default value 'false' instead.
2024-11-10 16:05:52,906 INFO o.a.j.r.c.ReportGeneratorConfiguration: Property 'jmeter.reportgenerator.graph.timeVsThreads.exclude_controllers' not found, using default value 'false' instead.
2024-11-10 16:05:52,906 INFO o.a.j.r.c.ReportGeneratorConfiguration: Property 'jmeter.reportgenerator.graph.responseTimeDistribution.exclude_controllers' not found, using default value 'false' instead.
2024-11-10 16:05:52,906 INFO o.a.j.r.c.ReportGeneratorConfiguration: Property 'jmeter.reportgenerator.graph.transactionsPerSecond.exclude_controllers' not found, using default value 'false' instead.
2024-11-10 16:05:52,906 INFO o.a.j.r.c.ReportGeneratorConfiguration: Property 'jmeter.reportgenerator.graph.responseTimePercentiles.exclude_controllers' not found, using default value 'false' instead.
2024-11-10 16:05:52,906 INFO o.a.j.r.c.ReportGeneratorConfiguration: Property 'jmeter.reportgenerator.graph.responseTimePercentilesOverTime.exclude_controllers' not found, using default value 'false' instead.
2024-11-10 16:05:52,906 INFO o.a.j.r.c.ReportGeneratorConfiguration: Property 'jmeter.reportgenerator.graph.responseTimesOverTime.exclude_controllers' not found, using default value 'false' instead.
2024-11-10 16:05:52,906 INFO o.a.j.r.c.ReportGeneratorConfiguration: Property 'jmeter.reportgenerator.graph.connectTimeOverTime.exclude_controllers' not found, using default value 'false' instead.
2024-11-10 16:05:52,906 INFO o.a.j.r.c.ReportGeneratorConfiguration: Property 'jmeter.reportgenerator.graph.latenciesOverTime.exclude_controllers' not found, using default value 'false' instead.
2024-11-10 16:05:52,914 INFO o.a.j.r.c.ReportGeneratorConfiguration: Property 'jmeter.reportgenerator.exporter.json.filters_only_sample_series' not found, using default value 'true' instead.
2024-11-10 16:05:52,914 INFO o.a.j.r.c.ReportGeneratorConfiguration: Property 'jmeter.reportgenerator.exporter.json.series_filter' not found, using default value '' instead.
2024-11-10 16:05:52,914 INFO o.a.j.r.c.ReportGeneratorConfiguration: Property 'jmeter.reportgenerator.exporter.json.show_controllers_only' not found, using default value 'false' instead.
2024-11-10 16:05:52,914 INFO o.a.j.r.c.ReportGeneratorConfiguration: Property 'jmeter.reportgenerator.exporter.html.filters_only_sample_series' not found, using default value 'true' instead.
2024-11-10 16:05:52,914 INFO o.a.j.r.c.ReportGeneratorConfiguration: Property 'jmeter.reportgenerator.exporter.html.series_filter' not found, using default value '' instead.
2024-11-10 16:05:52,914 INFO o.a.j.r.c.ReportGeneratorConfiguration: Property 'jmeter.reportgenerator.exporter.html.show_controllers_only' not found, using default value 'false' instead.
2024-11-10 16:05:52,954 INFO o.a.j.e.StandardJMeterEngine: Running the test!
2024-11-10 16:05:52,962 INFO o.a.j.s.SampleEvent: List of sample_variables: []
2024-11-10 16:05:52,962 INFO o.a.j.s.SampleEvent: List of sample_variables: []
2024-11-10 16:05:52,971 INFO o.a.j.e.u.CompoundVariable: Note: Function class names must contain the string: '.functions.'
2024-11-10 16:05:52,971 INFO o.a.j.e.u.CompoundVariable: Note: Function class names must not contain the string: '.gui.'
2024-11-10 16:05:53,137 INFO o.a.j.JMeter: Running test (1731233153137)
2024-11-10 16:05:53,178 INFO o.a.j.e.StandardJMeterEngine: Starting ThreadGroup: 1 : Thread Group
2024-11-10 16:05:53,178 INFO o.a.j.e.StandardJMeterEngine: Starting 20 threads for group Thread Group.
2024-11-10 16:05:53,178 INFO o.a.j.e.StandardJMeterEngine: Thread will continue on error
2024-11-10 16:05:53,178 INFO o.a.j.t.ThreadGroup: Starting thread group... number=1 threads=20 ramp-up=7 delayedStart=false
2024-11-10 16:05:53,200 INFO o.a.j.t.ThreadGroup: Started thread group number 1
2024-11-10 16:05:53,201 INFO o.a.j.e.StandardJMeterEngine: All thread groups have been started
2024-11-10 16:05:53,201 INFO o.a.j.t.JMeterThread: Thread started: Thread Group 1-1
2024-11-10 16:05:53,235 INFO o.a.j.p.h.s.HTTPHCAbstractImpl: Local host = Shathi
2024-11-10 16:05:53,247 INFO o.a.j.p.h.s.HTTPHC4Impl: HTTP request retry count = 0
2024-11-10 16:05:53,250 INFO o.a.j.s.SampleResult: Note: Sample TimeStamps are START times
2024-11-10 16:05:53,250 INFO o.a.j.s.SampleResult: sampleresult.default.encoding is set to UTF-8
2024-11-10 16:05:53,250 INFO o.a.j.s.SampleResult: sampleresult.useNanoTime=true
2024-11-10 16:05:53,250 INFO o.a.j.s.SampleResult: sampleresult.nanoThreadSleep=5000
2024-11-10 16:05:53,543 INFO o.a.j.t.JMeterThread: Thread started: Thread Group 1-2
2024-11-10 16:05:53,895 INFO o.a.j.t.JMeterThread: Thread started: Thread Group 1-3
2024-11-10 16:05:54,243 INFO o.a.j.t.JMeterThread: Thread started: Thread Group 1-4
2024-11-10 16:05:54,591 INFO o.a.j.t.JMeterThread: Thread started: Thread Group 1-5
2024-11-10 16:05:54,734 INFO o.a.j.p.h.s.h.LazyLayeredConnectionSocketFactory: Setting up HTTPS TrustAll Socket Factory
2024-11-10 16:05:54,742 INFO o.a.j.u.JsseSSLManager: Using default SSL protocol: TLS
2024-11-10 16:05:54,742 INFO o.a.j.u.JsseSSLManager: SSL session context: per-thread
2024-11-10 16:05:54,883 INFO o.a.j.u.SSLManager: JmeterKeyStore Location:  type JKS
2024-11-10 16:05:54,887 INFO o.a.j.u.SSLManager: KeyStore created OK
2024-11-10 16:05:54,887 WARN o.a.j.u.SSLManager: Keystore file not found, loading empty keystore
2024-11-10 16:05:54,938 INFO o.a.j.t.JMeterThread: Thread started: Thread Group 1-6
2024-11-10 16:05:55,287 INFO o.a.j.t.JMeterThread: Thread started: Thread Group 1-7
2024-11-10 16:05:55,640 INFO o.a.j.t.JMeterThread: Thread started: Thread Group 1-8
2024-11-10 16:05:55,989 INFO o.a.j.t.JMeterThread: Thread started: Thread Group 1-9
2024-11-10 16:05:56,339 INFO o.a.j.t.JMeterThread: Thread started: Thread Group 1-10
2024-11-10 16:05:56,688 INFO o.a.j.t.JMeterThread: Thread started: Thread Group 1-11
2024-11-10 16:05:56,753 INFO o.a.j.t.JMeterThread: Thread is done: Thread Group 1-5
2024-11-10 16:05:56,753 INFO o.a.j.t.JMeterThread: Thread is done: Thread Group 1-2
2024-11-10 16:05:56,753 INFO o.a.j.t.JMeterThread: Thread finished: Thread Group 1-5
2024-11-10 16:05:56,753 INFO o.a.j.t.JMeterThread: Thread finished: Thread Group 1-2
2024-11-10 16:05:56,763 INFO o.a.j.t.JMeterThread: Thread is done: Thread Group 1-3
2024-11-10 16:05:56,763 INFO o.a.j.t.JMeterThread: Thread is done: Thread Group 1-1
2024-11-10 16:05:56,764 INFO o.a.j.t.JMeterThread: Thread finished: Thread Group 1-3
2024-11-10 16:05:56,764 INFO o.a.j.t.JMeterThread: Thread finished: Thread Group 1-1
2024-11-10 16:05:56,785 INFO o.a.j.t.JMeterThread: Thread is done: Thread Group 1-6
2024-11-10 16:05:56,785 INFO o.a.j.t.JMeterThread: Thread finished: Thread Group 1-6
2024-11-10 16:05:56,977 INFO o.a.j.t.JMeterThread: Thread is done: Thread Group 1-7
2024-11-10 16:05:56,977 INFO o.a.j.t.JMeterThread: Thread finished: Thread Group 1-7
2024-11-10 16:05:56,977 INFO o.a.j.t.JMeterThread: Thread is done: Thread Group 1-4
2024-11-10 16:05:56,977 INFO o.a.j.t.JMeterThread: Thread finished: Thread Group 1-4
2024-11-10 16:05:57,040 INFO o.a.j.t.JMeterThread: Thread started: Thread Group 1-12
2024-11-10 16:05:57,382 INFO o.a.j.t.JMeterThread: Thread is done: Thread Group 1-8
2024-11-10 16:05:57,382 INFO o.a.j.t.JMeterThread: Thread finished: Thread Group 1-8
2024-11-10 16:05:57,389 INFO o.a.j.t.JMeterThread: Thread started: Thread Group 1-13
2024-11-10 16:05:57,636 INFO o.a.j.t.JMeterThread: Thread is done: Thread Group 1-9
2024-11-10 16:05:57,636 INFO o.a.j.t.JMeterThread: Thread finished: Thread Group 1-9
2024-11-10 16:05:57,740 INFO o.a.j.t.JMeterThread: Thread started: Thread Group 1-14
2024-11-10 16:05:57,947 INFO o.a.j.t.JMeterThread: Thread is done: Thread Group 1-10
2024-11-10 16:05:57,947 INFO o.a.j.t.JMeterThread: Thread finished: Thread Group 1-10
2024-11-10 16:05:58,090 INFO o.a.j.t.JMeterThread: Thread started: Thread Group 1-15
2024-11-10 16:05:58,350 INFO o.a.j.t.JMeterThread: Thread is done: Thread Group 1-12
2024-11-10 16:05:58,350 INFO o.a.j.t.JMeterThread: Thread finished: Thread Group 1-12
2024-11-10 16:05:58,390 INFO o.a.j.t.JMeterThread: Thread is done: Thread Group 1-11
2024-11-10 16:05:58,391 INFO o.a.j.t.JMeterThread: Thread finished: Thread Group 1-11
2024-11-10 16:05:58,439 INFO o.a.j.t.JMeterThread: Thread started: Thread Group 1-16
2024-11-10 16:05:58,797 INFO o.a.j.t.JMeterThread: Thread started: Thread Group 1-17
2024-11-10 16:05:58,871 INFO o.a.j.t.JMeterThread: Thread is done: Thread Group 1-13
2024-11-10 16:05:58,871 INFO o.a.j.t.JMeterThread: Thread finished: Thread Group 1-13
2024-11-10 16:05:59,140 INFO o.a.j.t.JMeterThread: Thread started: Thread Group 1-18
2024-11-10 16:05:59,402 INFO o.a.j.t.JMeterThread: Thread is done: Thread Group 1-14
2024-11-10 16:05:59,403 INFO o.a.j.t.JMeterThread: Thread finished: Thread Group 1-14
2024-11-10 16:05:59,481 INFO o.a.j.t.JMeterThread: Thread started: Thread Group 1-19
2024-11-10 16:05:59,684 INFO o.a.j.t.JMeterThread: Thread is done: Thread Group 1-15
2024-11-10 16:05:59,684 INFO o.a.j.t.JMeterThread: Thread finished: Thread Group 1-15
2024-11-10 16:05:59,829 INFO o.a.j.t.JMeterThread: Thread started: Thread Group 1-20
2024-11-10 16:06:00,033 INFO o.a.j.r.Summariser: summary +     16 in 00:00:07 =    2.3/s Avg:  2013 Min:  1307 Max:  3408 Err:     0 (0.00%) Active: 5 Started: 20 Finished: 15
2024-11-10 16:06:00,035 INFO o.a.j.t.JMeterThread: Thread is done: Thread Group 1-16
2024-11-10 16:06:00,035 INFO o.a.j.t.JMeterThread: Thread finished: Thread Group 1-16
2024-11-10 16:06:00,453 INFO o.a.j.t.JMeterThread: Thread is done: Thread Group 1-17
2024-11-10 16:06:00,453 INFO o.a.j.t.JMeterThread: Thread finished: Thread Group 1-17
2024-11-10 16:06:00,723 INFO o.a.j.t.JMeterThread: Thread is done: Thread Group 1-18
2024-11-10 16:06:00,723 INFO o.a.j.t.JMeterThread: Thread finished: Thread Group 1-18
2024-11-10 16:06:01,259 INFO o.a.j.t.JMeterThread: Thread is done: Thread Group 1-19
2024-11-10 16:06:01,259 INFO o.a.j.t.JMeterThread: Thread finished: Thread Group 1-19
2024-11-10 16:06:01,284 INFO o.a.j.t.JMeterThread: Thread is done: Thread Group 1-20
2024-11-10 16:06:01,284 INFO o.a.j.t.JMeterThread: Thread finished: Thread Group 1-20
2024-11-10 16:06:01,292 INFO o.a.j.e.StandardJMeterEngine: Notifying test listeners of end of test
2024-11-10 16:06:01,294 INFO o.a.j.r.Summariser: summary +      4 in 00:00:01 =    3.2/s Avg:  1618 Min:  1460 Max:  1780 Err:     0 (0.00%) Active: 0 Started: 20 Finished: 20
2024-11-10 16:06:01,295 INFO o.a.j.r.Summariser: summary =     20 in 00:00:08 =    2.5/s Avg:  1934 Min:  1307 Max:  3408 Err:     0 (0.00%)
2024-11-10 16:06:01,295 INFO o.a.j.JMeter: Generating Dashboard
2024-11-10 16:06:01,295 INFO o.a.j.r.d.ReportGenerator: Flushing result collector before report Generation
2024-11-10 16:06:01,333 INFO o.a.j.r.p.NormalizerSampleConsumer: Using format, 'ms', to parse timeStamp field
2024-11-10 16:06:01,480 INFO o.a.j.r.p.AbstractSampleConsumer: class org.apache.jmeter.report.processor.AggregateConsumer#stopProducing(): beginDate produced 0 samples
2024-11-10 16:06:01,480 INFO o.a.j.r.p.AbstractSampleConsumer: class org.apache.jmeter.report.processor.AggregateConsumer#stopProducing(): endDate produced 0 samples
2024-11-10 16:06:01,488 INFO o.a.j.r.p.AbstractSampleConsumer: class org.apache.jmeter.report.processor.ApdexSummaryConsumer#stopProducing(): apdexSummary produced 0 samples
2024-11-10 16:06:01,488 INFO o.a.j.r.p.AbstractSampleConsumer: class org.apache.jmeter.report.processor.RequestsSummaryConsumer#stopProducing(): requestsSummary produced 0 samples
2024-11-10 16:06:01,496 INFO o.a.j.r.p.AbstractSampleConsumer: class org.apache.jmeter.report.processor.StatisticsSummaryConsumer#stopProducing(): statisticsSummary produced 0 samples
2024-11-10 16:06:01,505 INFO o.a.j.r.p.AbstractSampleConsumer: class org.apache.jmeter.report.processor.Top5ErrorsBySamplerConsumer#stopProducing(): top5ErrorsBySampler produced 0 samples
2024-11-10 16:06:01,505 INFO o.a.j.r.p.AbstractSampleConsumer: class org.apache.jmeter.report.processor.ErrorsSummaryConsumer#stopProducing(): errorsSummary produced 0 samples
2024-11-10 16:06:01,505 INFO o.a.j.r.p.AbstractSampleConsumer: class org.apache.jmeter.report.processor.graph.impl.HitsPerSecondGraphConsumer#stopProducing(): hitsPerSecond produced 0 samples
2024-11-10 16:06:01,537 INFO o.a.j.r.p.AbstractSampleConsumer: class org.apache.jmeter.report.processor.graph.impl.LatencyVSRequestGraphConsumer#stopProducing(): latencyVsRequest produced 0 samples
2024-11-10 16:06:01,537 INFO o.a.j.r.p.AbstractSampleConsumer: class org.apache.jmeter.report.processor.graph.impl.SyntheticResponseTimeDistributionGraphConsumer#stopProducing(): syntheticResponseTimeDistribution produced 0 samples
2024-11-10 16:06:01,537 INFO o.a.j.r.p.AbstractSampleConsumer: class org.apache.jmeter.report.processor.graph.impl.BytesThroughputGraphConsumer#stopProducing(): bytesThroughputOverTime produced 0 samples
2024-11-10 16:06:01,537 INFO o.a.j.r.p.AbstractSampleConsumer: class org.apache.jmeter.report.processor.graph.impl.CodesPerSecondGraphConsumer#stopProducing(): codesPerSecond produced 0 samples
2024-11-10 16:06:01,549 INFO o.a.j.r.p.AbstractSampleConsumer: class org.apache.jmeter.report.processor.graph.impl.ResponseTimeVSRequestGraphConsumer#stopProducing(): responseTimeVsRequest produced 0 samples
2024-11-10 16:06:01,553 INFO o.a.j.r.p.AbstractSampleConsumer: class org.apache.jmeter.report.processor.FilterConsumer#stopProducing(): startIntervalControlerFilter produced 140 samples
2024-11-10 16:06:01,553 INFO o.a.j.r.p.AbstractSampleConsumer: class org.apache.jmeter.report.processor.graph.impl.TotalTPSGraphConsumer#stopProducing(): totalTPS produced 0 samples
2024-11-10 16:06:01,553 INFO o.a.j.r.p.AbstractSampleConsumer: class org.apache.jmeter.report.processor.graph.impl.ActiveThreadsGraphConsumer#stopProducing(): activeThreadsOverTime produced 0 samples
2024-11-10 16:06:01,553 INFO o.a.j.r.p.AbstractSampleConsumer: class org.apache.jmeter.report.processor.graph.impl.TimeVSThreadGraphConsumer#stopProducing(): timeVsThreads produced 0 samples
2024-11-10 16:06:01,553 INFO o.a.j.r.p.AbstractSampleConsumer: class org.apache.jmeter.report.processor.graph.impl.ResponseTimeDistributionGraphConsumer#stopProducing(): responseTimeDistribution produced 0 samples
2024-11-10 16:06:01,553 INFO o.a.j.r.p.AbstractSampleConsumer: class org.apache.jmeter.report.processor.graph.impl.TransactionsPerSecondGraphConsumer#stopProducing(): transactionsPerSecond produced 0 samples
2024-11-10 16:06:01,553 INFO o.a.j.r.p.AbstractSampleConsumer: class org.apache.jmeter.report.processor.graph.impl.ResponseTimePercentilesGraphConsumer#stopProducing(): responseTimePercentiles produced 0 samples
2024-11-10 16:06:01,553 INFO o.a.j.r.p.AbstractSampleConsumer: class org.apache.jmeter.report.processor.graph.impl.ResponseTimePercentilesOverTimeGraphConsumer#stopProducing(): responseTimePercentilesOverTime produced 0 samples
2024-11-10 16:06:01,553 INFO o.a.j.r.p.AbstractSampleConsumer: class org.apache.jmeter.report.processor.graph.impl.ResponseTimeOverTimeGraphConsumer#stopProducing(): responseTimesOverTime produced 0 samples
2024-11-10 16:06:01,553 INFO o.a.j.r.p.AbstractSampleConsumer: class org.apache.jmeter.report.processor.graph.impl.ConnectTimeOverTimeGraphConsumer#stopProducing(): connectTimeOverTime produced 0 samples
2024-11-10 16:06:01,553 INFO o.a.j.r.p.AbstractSampleConsumer: class org.apache.jmeter.report.processor.graph.impl.LatencyOverTimeGraphConsumer#stopProducing(): latenciesOverTime produced 0 samples
2024-11-10 16:06:01,553 INFO o.a.j.r.p.AbstractSampleConsumer: class org.apache.jmeter.report.processor.FilterConsumer#stopProducing(): nameFilter produced 300 samples
2024-11-10 16:06:01,553 INFO o.a.j.r.p.AbstractSampleConsumer: class org.apache.jmeter.report.processor.FilterConsumer#stopProducing(): dateRangeFilter produced 60 samples
2024-11-10 16:06:01,553 INFO o.a.j.r.p.AbstractSampleConsumer: class org.apache.jmeter.report.processor.NormalizerSampleConsumer#stopProducing(): normalizer produced 20 samples
2024-11-10 16:06:01,553 INFO o.a.j.r.p.CsvFileSampleSource: produce(): 20 samples produced in 155ms on channel 0
2024-11-10 16:06:01,553 INFO o.a.j.r.d.ReportGenerator: Exporting data using exporter:'json' of className:'org.apache.jmeter.report.dashboard.JsonExporter'
2024-11-10 16:06:01,741 INFO o.a.j.r.d.JsonExporter: Found data for consumer statisticsSummary in context
2024-11-10 16:06:01,741 INFO o.a.j.r.d.JsonExporter: Creating statistics for overall
2024-11-10 16:06:01,741 INFO o.a.j.r.d.JsonExporter: Creating statistics for other transactions
2024-11-10 16:06:01,741 INFO o.a.j.r.d.JsonExporter: Checking output folder
2024-11-10 16:06:01,741 INFO o.a.j.r.d.JsonExporter: Writing statistics JSON to C:\apache-jmeter-5.6.3\bin\daraz\report\statistics.json
2024-11-10 16:06:01,838 INFO o.a.j.r.d.ReportGenerator: Exporting data using exporter:'html' of className:'org.apache.jmeter.report.dashboard.HtmlTemplateExporter'
2024-11-10 16:06:01,846 INFO o.a.j.r.d.HtmlTemplateExporter: Will generate dashboard in folder: C:\apache-jmeter-5.6.3\bin\daraz\report
2024-11-10 16:06:02,114 INFO o.a.j.r.d.HtmlTemplateExporter: Report will be generated in: C:\apache-jmeter-5.6.3\bin\daraz\report, creating folder structure
2024-11-10 16:06:02,114 INFO o.a.j.r.d.TemplateVisitor: Copying folder from 'C:\apache-jmeter-5.6.3\bin\report-template' to 'C:\apache-jmeter-5.6.3\bin\daraz\report', got message: C:\apache-jmeter-5.6.3\bin\daraz\report, found non empty folder with following content [C:\apache-jmeter-5.6.3\bin\daraz\report\statistics.json], will be ignored
2024-11-10 16:06:03,278 INFO o.a.j.JMeter: Dashboard generated
